Jun.-14 16:06:31.146 [main] DEBUG nextflow.cli.Launcher - $> nextflow run nf-core/rnafusion -profile singularity --input /globalhome/hxo752/HPC/ngsf_git_repos/NGSF-core-projects/23-1ARMA/fusion_genes/hystiocystic_sarcoma/samplesheet.csv --outdir /globalhome/hxo752/HPC/ngsf_git_repos/NGSF-core-projects/23-1ARMA/fusion_genes/hystiocystic_sarcoma/analysis/nextflow --genome CanFam3.1 --star_fusion --fusion_inspector --starfusion_build TRUE --max_memory 80.GB --max_cpus 16
Jun.-14 16:06:31.229 [main] INFO  nextflow.cli.CmdRun - N E X T F L O W  ~  version 22.10.6
Jun.-14 16:06:31.252 [main] DEBUG nextflow.plugin.PluginsFacade - Setting up plugin manager > mode=prod; embedded=false; plugins-dir=/globalhome/hxo752/HPC/.nextflow/plugins; core-plugins: nf-amazon@1.11.3,nf-azure@0.14.2,nf-codecommit@0.1.2,nf-console@1.0.4,nf-ga4gh@1.0.4,nf-google@1.4.5,nf-tower@1.5.6,nf-wave@0.5.3
Jun.-14 16:06:31.265 [main] INFO  org.pf4j.DefaultPluginStatusProvider - Enabled plugins: []
Jun.-14 16:06:31.267 [main] INFO  org.pf4j.DefaultPluginStatusProvider - Disabled plugins: []
Jun.-14 16:06:31.271 [main] INFO  org.pf4j.DefaultPluginManager - PF4J version 3.4.1 in 'deployment' mode
Jun.-14 16:06:31.283 [main] INFO  org.pf4j.AbstractPluginManager - No plugins
Jun.-14 16:06:31.299 [main] DEBUG nextflow.scm.ProviderConfig - Using SCM config path: /globalhome/hxo752/HPC/.nextflow/scm
Jun.-14 16:06:32.631 [main] DEBUG nextflow.scm.AssetManager - Git config: /globalhome/hxo752/HPC/.nextflow/assets/nf-core/rnafusion/.git/config; branch: master; remote: origin; url: https://github.com/nf-core/rnafusion.git
Jun.-14 16:06:32.656 [main] DEBUG nextflow.scm.RepositoryFactory - Found Git repository result: [RepositoryFactory]
Jun.-14 16:06:32.665 [main] DEBUG nextflow.scm.AssetManager - Git config: /globalhome/hxo752/HPC/.nextflow/assets/nf-core/rnafusion/.git/config; branch: master; remote: origin; url: https://github.com/nf-core/rnafusion.git
Jun.-14 16:06:33.422 [main] DEBUG nextflow.config.ConfigBuilder - Found config base: /globalhome/hxo752/HPC/.nextflow/assets/nf-core/rnafusion/nextflow.config
Jun.-14 16:06:33.423 [main] DEBUG nextflow.config.ConfigBuilder - Parsing config file: /globalhome/hxo752/HPC/.nextflow/assets/nf-core/rnafusion/nextflow.config
Jun.-14 16:06:33.434 [main] DEBUG nextflow.config.ConfigBuilder - Applying config profile: `singularity`
Jun.-14 16:06:34.484 [main] DEBUG nextflow.config.ConfigBuilder - Available config profiles: [cfc_dev, ifb_core, denbi_qbic, alice, mjolnir_globe, uppmax, uge, rosalind_uge, lugh, unibe_ibu, vai, czbiohub_aws, jax, ccga_med, scw, tigem, tubingen_apg, google, ipop_up, googlels, eddie, medair, bi, bigpurple, sbc_sharc, adcra, cedars, vsc_kul_uhasselt, pawsey_nimbus, ucl_myriad, utd_ganymede, charliecloud, icr_davros, ceres, munin, arm, rosalind, hasta, cfc, uzh, ebc, ku_sund_dangpu, ccga_dx, crick, marvin, biohpc_gen, shifter, mana, mamba, wehi, awsbatch, imperial, maestro, genotoul, abims, janelia, nihbiowulf, nu_genomics, googlebatch, oist, sahmri, mpcdf, leicester, vsc_ugent, sage, cambridge, podman, cheaha, xanadu, test, computerome, seg_globe, sanger, dkfz, pasteur, test_full, azurebatch, hki, crukmi, docker, engaging, gis, psmn, eva, fgcz, conda, crg, singularity, prince, utd_sysbio, debug, genouest, cbe, phoenix, gitpod, seawulf, uct_hpc, aws_tower, binac]
Jun.-14 16:06:34.731 [main] DEBUG nextflow.cli.CmdRun - Applied DSL=2 from script declararion
Jun.-14 16:06:34.732 [main] INFO  nextflow.cli.CmdRun - Launching `https://github.com/nf-core/rnafusion` [insane_woese] DSL2 - revision: fb5af65466 [master]
Jun.-14 16:06:34.732 [main] DEBUG nextflow.plugin.PluginsFacade - Plugins default=[]
Jun.-14 16:06:34.733 [main] DEBUG nextflow.plugin.PluginsFacade - Plugins resolved requirement=[]
Jun.-14 16:06:34.736 [main] DEBUG nextflow.secret.LocalSecretsProvider - Secrets store: /globalhome/hxo752/HPC/.nextflow/secrets/store.json
Jun.-14 16:06:34.740 [main] DEBUG nextflow.secret.SecretsLoader - Discovered secrets providers: [nextflow.secret.LocalSecretsProvider@4468fda8] - activable => nextflow.secret.LocalSecretsProvider@4468fda8
Jun.-14 16:06:34.804 [main] DEBUG nextflow.Session - Session UUID: 0504a818-1488-4750-a5e0-4b29466abadd
Jun.-14 16:06:34.805 [main] DEBUG nextflow.Session - Run name: insane_woese
Jun.-14 16:06:34.805 [main] DEBUG nextflow.Session - Executor pool size: 16
Jun.-14 16:06:34.816 [main] DEBUG nextflow.util.ThreadPoolBuilder - Creating thread pool 'FileTransfer' minSize=10; maxSize=48; workQueue=LinkedBlockingQueue[10000]; allowCoreThreadTimeout=false
Jun.-14 16:06:34.842 [main] DEBUG nextflow.cli.CmdRun - 
  Version: 22.10.6 build 5844
  Created: 23-01-2023 23:25 UTC (17:25 CDT)
  System: Linux 3.10.0-1160.36.2.el7.x86_64
  Runtime: Groovy 3.0.13 on OpenJDK 64-Bit Server VM 11.0.16+8
  Encoding: UTF-8 (UTF-8)
  Process: 30021@platolgn01 [192.168.1.100]
  CPUs: 16 - Mem: 31.2 GB (6.9 GB) - Swap: 16 GB (16 GB)
Jun.-14 16:06:34.918 [main] DEBUG nextflow.Session - Work-dir: /globalhome/hxo752/HPC/ngsf_git_repos/NGSF-core-projects/23-1ARMA/work [nfs]
Jun.-14 16:06:34.952 [main] DEBUG nextflow.executor.ExecutorFactory - Extension executors providers=[GoogleLifeSciencesExecutor, AwsBatchExecutor, GoogleBatchExecutor]
Jun.-14 16:06:34.964 [main] DEBUG nextflow.Session - Observer factory: DefaultObserverFactory
Jun.-14 16:06:34.987 [main] DEBUG nextflow.Session - Observer factory: TowerFactory
Jun.-14 16:06:35.062 [main] DEBUG nextflow.cache.CacheFactory - Using Nextflow cache factory: nextflow.cache.DefaultCacheFactory
Jun.-14 16:06:35.075 [main] DEBUG nextflow.util.CustomThreadPool - Creating default thread pool > poolSize: 17; maxThreads: 1000
Jun.-14 16:06:35.312 [main] DEBUG nextflow.Session - Session start
Jun.-14 16:06:35.317 [main] DEBUG nextflow.trace.TraceFileObserver - Workflow started -- trace file: /globalhome/hxo752/HPC/ngsf_git_repos/NGSF-core-projects/23-1ARMA/fusion_genes/hystiocystic_sarcoma/analysis/nextflow/pipeline_info/execution_trace_2023-06-14_16-06-34.txt
Jun.-14 16:06:35.329 [main] DEBUG nextflow.Session - Using default localLib path: /globalhome/hxo752/HPC/.nextflow/assets/nf-core/rnafusion/lib
Jun.-14 16:06:35.333 [main] DEBUG nextflow.Session - Adding to the classpath library: /globalhome/hxo752/HPC/.nextflow/assets/nf-core/rnafusion/lib
Jun.-14 16:06:35.333 [main] DEBUG nextflow.Session - Adding to the classpath library: /globalhome/hxo752/HPC/.nextflow/assets/nf-core/rnafusion/lib/nfcore_external_java_deps.jar
Jun.-14 16:06:36.234 [main] DEBUG nextflow.script.ScriptRunner - > Launching execution
Jun.-14 16:06:36.296 [main] INFO  nextflow.Nextflow - 

-[2m----------------------------------------------------[0m-
                                        [0;32m,--.[0;30m/[0;32m,-.[0m
[0;34m        ___     __   __   __   ___     [0;32m/,-._.--~'[0m
[0;34m  |\ | |__  __ /  ` /  \ |__) |__         [0;33m}  {[0m
[0;34m  | \| |       \__, \__/ |  \ |___     [0;32m\`-._,-`-,[0m
                                        [0;32m`._,._,'[0m
[0;35m  nf-core/rnafusion v2.3.4-gfb5af65[0m
-[2m----------------------------------------------------[0m-
[1mCore Nextflow options[0m
  [0;34mrevision                          : [0;32mmaster[0m
  [0;34mrunName                           : [0;32minsane_woese[0m
  [0;34mcontainerEngine                   : [0;32msingularity[0m
  [0;34mlaunchDir                         : [0;32m/globalhome/hxo752/HPC/ngsf_git_repos/NGSF-core-projects/23-1ARMA[0m
  [0;34mworkDir                           : [0;32m/globalhome/hxo752/HPC/ngsf_git_repos/NGSF-core-projects/23-1ARMA/work[0m
  [0;34mprojectDir                        : [0;32m/globalhome/hxo752/HPC/.nextflow/assets/nf-core/rnafusion[0m
  [0;34muserName                          : [0;32mhxo752[0m
  [0;34mprofile                           : [0;32msingularity[0m
  [0;34mconfigFiles                       : [0;32m/globalhome/hxo752/HPC/.nextflow/assets/nf-core/rnafusion/nextflow.config[0m

[1mInput/output options[0m
  [0;34minput                             : [0;32m/globalhome/hxo752/HPC/ngsf_git_repos/NGSF-core-projects/23-1ARMA/fusion_genes/hystiocystic_sarcoma/samplesheet.csv[0m
  [0;34moutdir                            : [0;32m/globalhome/hxo752/HPC/ngsf_git_repos/NGSF-core-projects/23-1ARMA/fusion_genes/hystiocystic_sarcoma/analysis/nextflow[0m
  [0;34mgenomes_base                      : [0;32m/globalhome/hxo752/HPC/ngsf_git_repos/NGSF-core-projects/23-1ARMA/fusion_genes/hystiocystic_sarcoma/analysis/nextflow/references[0m
  [0;34mensembl_version                   : [0;32m102[0m
  [0;34mstarfusion_build                  : [0;32mtrue[0m
  [0;34marriba_ref                        : [0;32m/globalhome/hxo752/HPC/ngsf_git_repos/NGSF-core-projects/23-1ARMA/fusion_genes/hystiocystic_sarcoma/analysis/nextflow/references/arriba[0m
  [0;34marriba_ref_blacklist              : [0;32m/globalhome/hxo752/HPC/ngsf_git_repos/NGSF-core-projects/23-1ARMA/fusion_genes/hystiocystic_sarcoma/analysis/nextflow/references/arriba/blacklist_hg38_GRCh38_v2.3.0.tsv.gz[0m
  [0;34marriba_ref_cytobands              : [0;32m/globalhome/hxo752/HPC/ngsf_git_repos/NGSF-core-projects/23-1ARMA/fusion_genes/hystiocystic_sarcoma/analysis/nextflow/references/arriba/cytobands_hg38_GRCh38_v2.3.0.tsv[0m
  [0;34marriba_ref_known_fusions          : [0;32m/globalhome/hxo752/HPC/ngsf_git_repos/NGSF-core-projects/23-1ARMA/fusion_genes/hystiocystic_sarcoma/analysis/nextflow/references/arriba/known_fusions_hg38_GRCh38_v2.3.0.tsv.gz[0m
  [0;34marriba_ref_protein_domain         : [0;32m/globalhome/hxo752/HPC/ngsf_git_repos/NGSF-core-projects/23-1ARMA/fusion_genes/hystiocystic_sarcoma/analysis/nextflow/references/arriba/protein_domains_hg38_GRCh38_v2.3.0.gff3[0m
  [0;34mensembl_ref                       : [0;32m/globalhome/hxo752/HPC/ngsf_git_repos/NGSF-core-projects/23-1ARMA/fusion_genes/hystiocystic_sarcoma/analysis/nextflow/references/ensembl[0m
  [0;34mfusioncatcher_limitSjdbInsertNsj  : [0;32m2000000[0m
  [0;34mfusioncatcher_ref                 : [0;32m/globalhome/hxo752/HPC/ngsf_git_repos/NGSF-core-projects/23-1ARMA/fusion_genes/hystiocystic_sarcoma/analysis/nextflow/references/fusioncatcher/human_v102[0m
  [0;34mfusioninspector_limitSjdbInsertNsj: [0;32m1000000[0m
  [0;34mfusionreport_ref                  : [0;32m/globalhome/hxo752/HPC/ngsf_git_repos/NGSF-core-projects/23-1ARMA/fusion_genes/hystiocystic_sarcoma/analysis/nextflow/references/fusion_report_db[0m
  [0;34mpizzly_ref                        : [0;32m/globalhome/hxo752/HPC/ngsf_git_repos/NGSF-core-projects/23-1ARMA/fusion_genes/hystiocystic_sarcoma/analysis/nextflow/references/pizzly/kallisto[0m
  [0;34msquid_ref                         : [0;32m/globalhome/hxo752/HPC/ngsf_git_repos/NGSF-core-projects/23-1ARMA/fusion_genes/hystiocystic_sarcoma/analysis/nextflow/references/squid[0m
  [0;34mstarfusion_ref                    : [0;32m/globalhome/hxo752/HPC/ngsf_git_repos/NGSF-core-projects/23-1ARMA/fusion_genes/hystiocystic_sarcoma/analysis/nextflow/references/starfusion/ctat_genome_lib_build_dir[0m
  [0;34mstarindex_ref                     : [0;32m/globalhome/hxo752/HPC/ngsf_git_repos/NGSF-core-projects/23-1ARMA/fusion_genes/hystiocystic_sarcoma/analysis/nextflow/references/star[0m

[1mRead trimming options[0m
  [0;34madapter_fasta                     : [0;32m[][0m

[1mAlignment compression options[0m
  [0;34mcram                              : [0;32m[][0m

[1mReference genome options[0m
  [0;34mgenome                            : [0;32mCanFam3.1[0m
  [0;34mfasta                             : [0;32m/datastore/NGSF001/analysis/references/dog/CFAM1.0/Canis_lupus_familiaris.ROS_Cfam_1.0.dna.toplevel.fa[0m
  [0;34mfai                               : [0;32m/datastore/NGSF001/analysis/references/dog/CFAM1.0/Canis_lupus_familiaris.ROS_Cfam_1.0.dna.toplevel.fa.fai[0m
  [0;34mgtf                               : [0;32m/datastore/NGSF001/analysis/references/dog/CFAM1.0/Canis_lupus_familiaris.ROS_Cfam_1.0.109.gtf[0m
  [0;34mchrgtf                            : [0;32m/datastore/NGSF001/analysis/references/dog/CFAM1.0/Canis_lupus_familiaris.ROS_Cfam_1.0.109.chr.gtf[0m
  [0;34mtranscript                        : [0;32m/datastore/NGSF001/analysis/references/dog/CFAM1.0/Canis_lupus_familiaris.ROS_Cfam_1.0.cdna.all.fa[0m
  [0;34mrefflat                           : [0;32m/datastore/NGSF001/analysis/references/dog/CFAM1.0/Canis_lupus_familiaris.ROS_Cfam_1.0.109.chr.gtf.refflat[0m
  [0;34mrrna_intervals                    : [0;32m/datastore/NGSF001/analysis/references/dog/CFAM1.0/Canis_lupus_familiaris.ROS_Cfam_1.0.interval_list[0m

[1mMax job request options[0m
  [0;34mmax_memory                        : [0;32m80.GB[0m

!! Only displaying parameters that differ from the pipeline defaults !!
-[2m----------------------------------------------------[0m-
If you use nf-core/rnafusion for your analysis please cite:

* The pipeline
  https://doi.org/10.5281/zenodo.151721952

* The nf-core framework
  https://doi.org/10.1038/s41587-020-0439-x

* Software dependencies
  https://github.com/nf-core/rnafusion/blob/master/CITATIONS.md
-[2m----------------------------------------------------[0m-
Jun.-14 16:06:36.536 [main] WARN  nextflow.Nextflow - Found unexpected parameters:
* --fusion_inspector: true
* --star_fusion: true
Jun.-14 16:06:36.537 [main] INFO  nextflow.Nextflow - - [2mIgnore this warning: params.schema_ignore_params = "fusion_inspector,star_fusion" [0m
Jun.-14 16:06:42.979 [main] DEBUG nextflow.script.ProcessConfig - Config settings `withLabel:process_single` matches labels `process_single` for process with name NFCORE_RNAFUSION:RNAFUSION:INPUT_CHECK:SAMPLESHEET_CHECK
Jun.-14 16:06:42.980 [main] DEBUG nextflow.script.ProcessConfig - Config settings `withName:SAMPLESHEET_CHECK` matches process NFCORE_RNAFUSION:RNAFUSION:INPUT_CHECK:SAMPLESHEET_CHECK
Jun.-14 16:06:42.985 [main] DEBUG nextflow.executor.ExecutorFactory - << taskConfig executor: null
Jun.-14 16:06:42.985 [main] DEBUG nextflow.executor.ExecutorFactory - >> processorType: 'local'
Jun.-14 16:06:42.990 [main] DEBUG nextflow.executor.Executor - [warm up] executor > local
Jun.-14 16:06:42.995 [main] DEBUG n.processor.LocalPollingMonitor - Creating local task monitor for executor 'local' > cpus=16; memory=31.2 GB; capacity=16; pollInterval=100ms; dumpInterval=5m
Jun.-14 16:06:43.127 [main] DEBUG nextflow.script.ProcessConfig - Config settings `withLabel:process_single` matches labels `process_single` for process with name NFCORE_RNAFUSION:RNAFUSION:CAT_FASTQ
Jun.-14 16:06:43.130 [main] DEBUG nextflow.executor.ExecutorFactory - << taskConfig executor: null
Jun.-14 16:06:43.130 [main] DEBUG nextflow.executor.ExecutorFactory - >> processorType: 'local'
Jun.-14 16:06:43.152 [main] DEBUG nextflow.script.ProcessConfig - Config settings `withLabel:process_medium` matches labels `process_medium` for process with name NFCORE_RNAFUSION:RNAFUSION:FASTQC
Jun.-14 16:06:43.153 [main] DEBUG nextflow.script.ProcessConfig - Config settings `withName:FASTQC` matches process NFCORE_RNAFUSION:RNAFUSION:FASTQC
Jun.-14 16:06:43.156 [main] DEBUG nextflow.executor.ExecutorFactory - << taskConfig executor: null
Jun.-14 16:06:43.156 [main] DEBUG nextflow.executor.ExecutorFactory - >> processorType: 'local'
Jun.-14 16:06:43.229 [main] DEBUG nextflow.script.ProcessConfig - Config settings `withLabel:process_medium` matches labels `process_medium` for process with name NFCORE_RNAFUSION:RNAFUSION:FUSIONREPORT_WORKFLOW:FUSIONREPORT
Jun.-14 16:06:43.230 [main] DEBUG nextflow.script.ProcessConfig - Config settings `withName:FUSIONREPORT` matches process NFCORE_RNAFUSION:RNAFUSION:FUSIONREPORT_WORKFLOW:FUSIONREPORT
Jun.-14 16:06:43.232 [main] DEBUG nextflow.executor.ExecutorFactory - << taskConfig executor: null
Jun.-14 16:06:43.232 [main] DEBUG nextflow.executor.ExecutorFactory - >> processorType: 'local'
Jun.-14 16:06:43.245 [main] DEBUG nextflow.script.ProcessConfig - Config settings `withLabel:process_high` matches labels `process_high` for process with name NFCORE_RNAFUSION:RNAFUSION:FUSIONINSPECTOR_WORKFLOW:FUSIONINSPECTOR
Jun.-14 16:06:43.246 [main] DEBUG nextflow.script.ProcessConfig - Config settings `withName:FUSIONINSPECTOR` matches process NFCORE_RNAFUSION:RNAFUSION:FUSIONINSPECTOR_WORKFLOW:FUSIONINSPECTOR
Jun.-14 16:06:43.248 [main] DEBUG nextflow.executor.ExecutorFactory - << taskConfig executor: null
Jun.-14 16:06:43.248 [main] DEBUG nextflow.executor.ExecutorFactory - >> processorType: 'local'
Jun.-14 16:06:43.257 [main] DEBUG nextflow.script.ProcessConfig - Config settings `withLabel:process_single` matches labels `process_single` for process with name NFCORE_RNAFUSION:RNAFUSION:FUSIONINSPECTOR_WORKFLOW:MEGAFUSION
Jun.-14 16:06:43.257 [main] DEBUG nextflow.script.ProcessConfig - Config settings `withName:MEGAFUSION` matches process NFCORE_RNAFUSION:RNAFUSION:FUSIONINSPECTOR_WORKFLOW:MEGAFUSION
Jun.-14 16:06:43.258 [main] DEBUG nextflow.executor.ExecutorFactory - << taskConfig executor: null
Jun.-14 16:06:43.258 [main] DEBUG nextflow.executor.ExecutorFactory - >> processorType: 'local'
Jun.-14 16:06:43.268 [main] DEBUG nextflow.script.ProcessConfig - Config settings `withLabel:process_medium` matches labels `process_medium` for process with name NFCORE_RNAFUSION:RNAFUSION:QC_WORKFLOW:QUALIMAP_RNASEQ
Jun.-14 16:06:43.269 [main] DEBUG nextflow.script.ProcessConfig - Config settings `withName:QUALIMAP_RNASEQ` matches process NFCORE_RNAFUSION:RNAFUSION:QC_WORKFLOW:QUALIMAP_RNASEQ
Jun.-14 16:06:43.270 [main] DEBUG nextflow.executor.ExecutorFactory - << taskConfig executor: null
Jun.-14 16:06:43.270 [main] DEBUG nextflow.executor.ExecutorFactory - >> processorType: 'local'
Jun.-14 16:06:43.282 [main] DEBUG nextflow.script.ProcessConfig - Config settings `withLabel:process_low` matches labels `process_low` for process with name NFCORE_RNAFUSION:RNAFUSION:QC_WORKFLOW:SAMTOOLS_INDEX_FOR_QC
Jun.-14 16:06:43.282 [main] DEBUG nextflow.script.ProcessConfig - Config settings `withName:SAMTOOLS_INDEX_FOR_QC` matches process NFCORE_RNAFUSION:RNAFUSION:QC_WORKFLOW:SAMTOOLS_INDEX_FOR_QC
Jun.-14 16:06:43.284 [main] DEBUG nextflow.executor.ExecutorFactory - << taskConfig executor: null
Jun.-14 16:06:43.284 [main] DEBUG nextflow.executor.ExecutorFactory - >> processorType: 'local'
Jun.-14 16:06:43.294 [main] DEBUG nextflow.script.ProcessConfig - Config settings `withLabel:process_medium` matches labels `process_medium` for process with name NFCORE_RNAFUSION:RNAFUSION:QC_WORKFLOW:PICARD_COLLECTRNASEQMETRICS
Jun.-14 16:06:43.294 [main] DEBUG nextflow.script.ProcessConfig - Config settings `withName:PICARD_COLLECTRNASEQMETRICS` matches process NFCORE_RNAFUSION:RNAFUSION:QC_WORKFLOW:PICARD_COLLECTRNASEQMETRICS
Jun.-14 16:06:43.296 [main] DEBUG nextflow.executor.ExecutorFactory - << taskConfig executor: null
Jun.-14 16:06:43.296 [main] DEBUG nextflow.executor.ExecutorFactory - >> processorType: 'local'
Jun.-14 16:06:43.305 [main] DEBUG nextflow.script.ProcessConfig - Config settings `withLabel:process_medium` matches labels `process_medium` for process with name NFCORE_RNAFUSION:RNAFUSION:QC_WORKFLOW:PICARD_MARKDUPLICATES
Jun.-14 16:06:43.305 [main] DEBUG nextflow.script.ProcessConfig - Config settings `withName:PICARD_MARKDUPLICATES` matches process NFCORE_RNAFUSION:RNAFUSION:QC_WORKFLOW:PICARD_MARKDUPLICATES
Jun.-14 16:06:43.307 [main] DEBUG nextflow.executor.ExecutorFactory - << taskConfig executor: null
Jun.-14 16:06:43.307 [main] DEBUG nextflow.executor.ExecutorFactory - >> processorType: 'local'
Jun.-14 16:06:43.346 [main] DEBUG nextflow.script.ProcessConfig - Config settings `withLabel:process_single` matches labels `process_single` for process with name NFCORE_RNAFUSION:RNAFUSION:CUSTOM_DUMPSOFTWAREVERSIONS
Jun.-14 16:06:43.346 [main] DEBUG nextflow.script.ProcessConfig - Config settings `withName:CUSTOM_DUMPSOFTWAREVERSIONS` matches process NFCORE_RNAFUSION:RNAFUSION:CUSTOM_DUMPSOFTWAREVERSIONS
Jun.-14 16:06:43.347 [main] DEBUG nextflow.executor.ExecutorFactory - << taskConfig executor: null
Jun.-14 16:06:43.347 [main] DEBUG nextflow.executor.ExecutorFactory - >> processorType: 'local'
Jun.-14 16:06:43.405 [main] DEBUG nextflow.script.ProcessConfig - Config settings `withLabel:process_single` matches labels `process_single` for process with name NFCORE_RNAFUSION:RNAFUSION:MULTIQC
Jun.-14 16:06:43.405 [main] DEBUG nextflow.script.ProcessConfig - Config settings `withName:MULTIQC` matches process NFCORE_RNAFUSION:RNAFUSION:MULTIQC
Jun.-14 16:06:43.406 [main] DEBUG nextflow.executor.ExecutorFactory - << taskConfig executor: null
Jun.-14 16:06:43.406 [main] DEBUG nextflow.executor.ExecutorFactory - >> processorType: 'local'
Jun.-14 16:06:43.413 [main] DEBUG nextflow.Session - Workflow process names [dsl2]: SAMTOOLS_VIEW_FOR_STARFUSION, SAMTOOLS_SORT_FOR_ARRIBA, GATK4_BEDTOINTERVALLIST, STAR_FOR_SQUID, STAR_FOR_ARRIBA, STARFUSION_DOWNLOAD, FUSIONCATCHER, FUSIONCATCHER_DOWNLOAD, STAR_FOR_STARFUSION, GATK4_CREATESEQUENCEDICTIONARY, FASTP, NFCORE_RNAFUSION:RNAFUSION:FUSIONINSPECTOR_WORKFLOW:FUSIONINSPECTOR, PICARD_MARKDUPLICATES, FASTQC_FOR_FASTP, NFCORE_RNAFUSION:RNAFUSION:MULTIQC, ENSEMBL_DOWNLOAD, CAT_FASTQ, NFCORE_RNAFUSION:RNAFUSION:CAT_FASTQ, NFCORE_RNAFUSION:RNAFUSION:QC_WORKFLOW:PICARD_MARKDUPLICATES, GTF_TO_REFFLAT, STARFUSION, SQUID, NFCORE_RNAFUSION:RNAFUSION:FUSIONREPORT_WORKFLOW:FUSIONREPORT, NFCORE_RNAFUSION:RNAFUSION:QC_WORKFLOW:PICARD_COLLECTRNASEQMETRICS, QUALIMAP_RNASEQ, SAMTOOLS_INDEX_FOR_ARRIBA, ARRIBA_VISUALISATION, CONVERT2BED, FUSIONREPORT_DOWNLOAD, STAR_ALIGN, SAMTOOLS_INDEX_FOR_STARFUSION, SQUID_ANNOTATE, FUSIONINSPECTOR, SAMTOOLS_INDEX, PIZZLY_INDEX, FASTQC, ARRIBA_DOWNLOAD, SAMTOOLS_VIEW_FOR_SQUID_CRAM, NFCORE_RNAFUSION:RNAFUSION:QC_WORKFLOW:SAMTOOLS_INDEX_FOR_QC, SAMTOOLS_INDEX_FOR_SQUID, MULTIQC, NFCORE_RNAFUSION:RNAFUSION:INPUT_CHECK:SAMPLESHEET_CHECK, NFCORE_RNAFUSION:RNAFUSION:FASTQC, REFORMAT, MEGAFUSION, SAMTOOLS_SORT, STRINGTIE_MERGE, SAMTOOLS_VIEW_FOR_ARRIBA, SAMTOOLS_VIEW_FOR_SQUID_CHIMERIC, SAMTOOLS_INDEX_FOR_SQUID_CHIMERIC, STARFUSION_BUILD, FASTQC_FOR_TRIM, CAT_CAT, PICARD_COLLECTRNASEQMETRICS, KALLISTO_INDEX, SAMTOOLS_VIEW, SAMTOOLS_FAIDX, FUSIONREPORT, SAMPLESHEET_CHECK, RRNA_TRANSCRIPTS, NFCORE_RNAFUSION:RNAFUSION:QC_WORKFLOW:QUALIMAP_RNASEQ, SAMTOOLS_INDEX_FOR_QC, STRINGTIE_STRINGTIE, SAMTOOLS_VIEW_FOR_SQUID_CRAM_CHIMERIC, ARRIBA, PIZZLY, SAMTOOLS_SORT_FOR_SQUID_CHIMERIC, KALLISTO_QUANT, CUSTOM_DUMPSOFTWAREVERSIONS, STAR_GENOMEGENERATE, NFCORE_RNAFUSION:RNAFUSION:CUSTOM_DUMPSOFTWAREVERSIONS, NFCORE_RNAFUSION:RNAFUSION:FUSIONINSPECTOR_WORKFLOW:MEGAFUSION
Jun.-14 16:06:43.420 [main] DEBUG nextflow.Session - Igniting dataflow network (43)
Jun.-14 16:06:43.427 [main] DEBUG nextflow.processor.TaskProcessor - Starting process > NFCORE_RNAFUSION:RNAFUSION:INPUT_CHECK:SAMPLESHEET_CHECK
Jun.-14 16:06:43.427 [main] DEBUG nextflow.processor.TaskProcessor - Starting process > NFCORE_RNAFUSION:RNAFUSION:CAT_FASTQ
Jun.-14 16:06:43.428 [main] DEBUG nextflow.processor.TaskProcessor - Starting process > NFCORE_RNAFUSION:RNAFUSION:FASTQC
Jun.-14 16:06:43.440 [main] DEBUG nextflow.processor.TaskProcessor - Starting process > NFCORE_RNAFUSION:RNAFUSION:FUSIONREPORT_WORKFLOW:FUSIONREPORT
Jun.-14 16:06:43.441 [main] DEBUG nextflow.processor.TaskProcessor - Starting process > NFCORE_RNAFUSION:RNAFUSION:FUSIONINSPECTOR_WORKFLOW:FUSIONINSPECTOR
Jun.-14 16:06:43.442 [main] DEBUG nextflow.processor.TaskProcessor - Starting process > NFCORE_RNAFUSION:RNAFUSION:FUSIONINSPECTOR_WORKFLOW:MEGAFUSION
Jun.-14 16:06:43.442 [main] DEBUG nextflow.processor.TaskProcessor - Starting process > NFCORE_RNAFUSION:RNAFUSION:QC_WORKFLOW:QUALIMAP_RNASEQ
Jun.-14 16:06:43.442 [main] DEBUG nextflow.processor.TaskProcessor - Starting process > NFCORE_RNAFUSION:RNAFUSION:QC_WORKFLOW:SAMTOOLS_INDEX_FOR_QC
Jun.-14 16:06:43.442 [main] DEBUG nextflow.processor.TaskProcessor - Starting process > NFCORE_RNAFUSION:RNAFUSION:QC_WORKFLOW:PICARD_COLLECTRNASEQMETRICS
Jun.-14 16:06:43.442 [main] DEBUG nextflow.processor.TaskProcessor - Starting process > NFCORE_RNAFUSION:RNAFUSION:QC_WORKFLOW:PICARD_MARKDUPLICATES
Jun.-14 16:06:43.442 [main] DEBUG nextflow.processor.TaskProcessor - Starting process > NFCORE_RNAFUSION:RNAFUSION:CUSTOM_DUMPSOFTWAREVERSIONS
Jun.-14 16:06:43.442 [main] DEBUG nextflow.processor.TaskProcessor - Starting process > NFCORE_RNAFUSION:RNAFUSION:MULTIQC
Jun.-14 16:06:43.442 [main] DEBUG nextflow.script.ScriptRunner - > Awaiting termination 
Jun.-14 16:06:43.443 [main] DEBUG nextflow.Session - Session await
Jun.-14 16:06:43.569 [Actor Thread 19] WARN  nextflow.container.SingularityCache - Singularity cache directory has not been defined -- Remote image will be stored in the path: /globalhome/hxo752/HPC/ngsf_git_repos/NGSF-core-projects/23-1ARMA/work/singularity -- Use env variable NXF_SINGULARITY_CACHEDIR to specify a different location
Jun.-14 16:06:43.573 [Actor Thread 19] INFO  nextflow.container.SingularityCache - Pulling Singularity image https://depot.galaxyproject.org/singularity/python:3.9--1 [cache /globalhome/hxo752/HPC/ngsf_git_repos/NGSF-core-projects/23-1ARMA/work/singularity/depot.galaxyproject.org-singularity-python-3.9--1.img]
Jun.-14 16:06:43.616 [Actor Thread 6] DEBUG nextflow.sort.BigSort - Sort completed -- entries: 1; slices: 1; internal sort time: 0.001 s; external sort time: 0.018 s; total time: 0.019 s
Jun.-14 16:06:43.616 [Actor Thread 2] DEBUG nextflow.sort.BigSort - Sort completed -- entries: 1; slices: 1; internal sort time: 0.001 s; external sort time: 0.018 s; total time: 0.019 s
Jun.-14 16:06:43.626 [Actor Thread 6] DEBUG nextflow.file.FileCollector - Saved collect-files list to: /tmp/fe9136ed7e0cf2e87e25e4a85c336fc0.collect-file
Jun.-14 16:06:43.626 [Actor Thread 2] DEBUG nextflow.file.FileCollector - Saved collect-files list to: /tmp/7dd06843583fcce93d4da7cdf6cc2add.collect-file
Jun.-14 16:06:43.637 [Actor Thread 2] DEBUG nextflow.file.FileCollector - Deleting file collector temp dir: /tmp/nxf-16852286602259829801
Jun.-14 16:06:43.637 [Actor Thread 6] DEBUG nextflow.file.FileCollector - Deleting file collector temp dir: /tmp/nxf-9225331753954569207
Jun.-14 16:06:45.717 [Actor Thread 19] DEBUG nextflow.container.SingularityCache - Singularity pull complete image=https://depot.galaxyproject.org/singularity/python:3.9--1 path=/globalhome/hxo752/HPC/ngsf_git_repos/NGSF-core-projects/23-1ARMA/work/singularity/depot.galaxyproject.org-singularity-python-3.9--1.img
Jun.-14 16:06:45.741 [Actor Thread 1] DEBUG nextflow.util.CacheHelper - Hash asset file sha-256: /globalhome/hxo752/HPC/.nextflow/assets/nf-core/rnafusion/bin/check_samplesheet.py
Jun.-14 16:06:45.854 [Task submitter] DEBUG n.executor.local.LocalTaskHandler - Launch cmd line: /bin/bash -ue .command.run
Jun.-14 16:06:45.856 [Task submitter] INFO  nextflow.Session - [2a/5e1595] Submitted process > NFCORE_RNAFUSION:RNAFUSION:INPUT_CHECK:SAMPLESHEET_CHECK (samplesheet.csv)
Jun.-14 16:06:46.573 [Task monitor] DEBUG n.processor.TaskPollingMonitor - Task completed > TaskHandler[id: 1; name: NFCORE_RNAFUSION:RNAFUSION:INPUT_CHECK:SAMPLESHEET_CHECK (samplesheet.csv); status: COMPLETED; exit: 1; error: -; workDir: /globalhome/hxo752/HPC/ngsf_git_repos/NGSF-core-projects/23-1ARMA/work/2a/5e159506171463225500b245bfca22]
Jun.-14 16:06:46.586 [Task monitor] ERROR nextflow.processor.TaskProcessor - Error executing process > 'NFCORE_RNAFUSION:RNAFUSION:INPUT_CHECK:SAMPLESHEET_CHECK (samplesheet.csv)'

Caused by:
  Process `NFCORE_RNAFUSION:RNAFUSION:INPUT_CHECK:SAMPLESHEET_CHECK (samplesheet.csv)` terminated with an error exit status (1)

Command executed:

  check_samplesheet.py \
      samplesheet.csv \
      samplesheet.valid.csv
  
  cat <<-END_VERSIONS > versions.yml
  "NFCORE_RNAFUSION:RNAFUSION:INPUT_CHECK:SAMPLESHEET_CHECK":
      python: $(python --version | sed 's/Python //g')
  END_VERSIONS

Command exit status:
  1

Command output:
  (empty)

Command error:
  Traceback (most recent call last):
    File "/globalhome/hxo752/HPC/.nextflow/assets/nf-core/rnafusion/bin/check_samplesheet.py", line 265, in <module>
      sys.exit(main())
    File "/globalhome/hxo752/HPC/.nextflow/assets/nf-core/rnafusion/bin/check_samplesheet.py", line 261, in main
      check_samplesheet(args.file_in, args.file_out)
    File "/globalhome/hxo752/HPC/.nextflow/assets/nf-core/rnafusion/bin/check_samplesheet.py", line 200, in check_samplesheet
      reader = csv.DictReader(in_handle, dialect=sniff_format(in_handle))
    File "/globalhome/hxo752/HPC/.nextflow/assets/nf-core/rnafusion/bin/check_samplesheet.py", line 169, in sniff_format
      if not sniffer.has_header(peek):
    File "/usr/local/lib/python3.9/csv.py", line 395, in has_header
      header = next(rdr) # assume first row is header
  _csv.Error: new-line character seen in unquoted field - do you need to open the file in universal-newline mode?

Work dir:
  /globalhome/hxo752/HPC/ngsf_git_repos/NGSF-core-projects/23-1ARMA/work/2a/5e159506171463225500b245bfca22

Tip: you can try to figure out what's wrong by changing to the process work dir and showing the script file named `.command.sh`
Jun.-14 16:06:46.594 [Actor Thread 22] DEBUG nextflow.file.SortFileCollector - FileCollector temp dir not removed: null
Jun.-14 16:06:46.612 [Task monitor] INFO  nextflow.Session - Execution cancelled -- Finishing pending tasks before exit
Jun.-14 16:06:46.613 [Actor Thread 3] INFO  nextflow.container.SingularityCache - Pulling Singularity image https://depot.galaxyproject.org/singularity/multiqc:1.14--pyhdfd78af_0 [cache /globalhome/hxo752/HPC/ngsf_git_repos/NGSF-core-projects/23-1ARMA/work/singularity/depot.galaxyproject.org-singularity-multiqc-1.14--pyhdfd78af_0.img]
Jun.-14 16:06:46.616 [main] DEBUG nextflow.Session - Session await > all processes finished
Jun.-14 16:06:46.618 [main] DEBUG nextflow.Session - Session await > all barriers passed
Jun.-14 16:06:46.620 [main] INFO  nextflow.Nextflow - -[0;35m[nf-core/rnafusion][0;31m Pipeline completed with errors[0m-
Jun.-14 16:06:46.620 [main] INFO  nextflow.Nextflow - -[0;35m[nf-core/rnafusion][0;31m Pipeline completed with errors[0m-
Jun.-14 16:06:46.624 [main] DEBUG nextflow.trace.WorkflowStatsObserver - Workflow completed > WorkflowStats[succeededCount=0; failedCount=1; ignoredCount=0; cachedCount=0; pendingCount=0; submittedCount=0; runningCount=0; retriesCount=0; abortedCount=0; succeedDuration=0ms; failedDuration=661ms; cachedDuration=0ms;loadCpus=0; loadMemory=0; peakRunning=1; peakCpus=1; peakMemory=6 GB; ]
Jun.-14 16:06:46.624 [main] DEBUG nextflow.trace.TraceFileObserver - Workflow completed -- saving trace file
Jun.-14 16:06:46.626 [main] DEBUG nextflow.trace.ReportObserver - Workflow completed -- rendering execution report
Jun.-14 16:06:46.644 [main] DEBUG nextflow.trace.ReportObserver - Execution report summary data:
  [{"cpuUsage":null,"process":"SAMPLESHEET_CHECK","mem":null,"memUsage":null,"timeUsage":null,"vmem":null,"reads":null,"cpu":null,"time":{"mean":661,"min":661,"q1":661,"q2":661,"q3":661,"max":661,"minLabel":"NFCORE_RNAFUSION:RNAFUSION:INPUT_CHECK:SAMPLESHEET_CHECK (samplesheet.csv)","maxLabel":"NFCORE_RNAFUSION:RNAFUSION:INPUT_CHECK:SAMPLESHEET_CHECK (samplesheet.csv)","q1Label":"NFCORE_RNAFUSION:RNAFUSION:INPUT_CHECK:SAMPLESHEET_CHECK (samplesheet.csv)","q2Label":"NFCORE_RNAFUSION:RNAFUSION:INPUT_CHECK:SAMPLESHEET_CHECK (samplesheet.csv)","q3Label":"NFCORE_RNAFUSION:RNAFUSION:INPUT_CHECK:SAMPLESHEET_CHECK (samplesheet.csv)"},"writes":null}]
Jun.-14 16:06:48.287 [main] DEBUG nextflow.trace.TimelineObserver - Workflow completed -- rendering execution timeline
Jun.-14 16:06:49.533 [main] DEBUG nextflow.cache.CacheDB - Closing CacheDB done
Jun.-14 16:06:49.633 [main] DEBUG nextflow.util.ThreadPoolManager - Thread pool 'FileTransfer' shutdown completed (hard=false)
Jun.-14 16:06:49.634 [main] DEBUG nextflow.script.ScriptRunner - > Execution complete -- Goodbye
