Jun.-16 10:56:33.893 [main] DEBUG nextflow.cli.Launcher - $> nextflow run nf-core/rnafusion -profile singularity --input /globalhome/hxo752/HPC/ngsf_git_repos/NGSF-core-projects/23-1ARMA/fusion_genes/hystiocystic_sarcoma/samplesheet.csv --outdir /globalhome/hxo752/HPC/ngsf_git_repos/NGSF-core-projects/23-1ARMA/fusion_genes/hystiocystic_sarcoma/analysis/nextflow -w /globalhome/hxo752/HPC/ngsf_git_repos/NGSF-core-projects/23-1ARMA/fusion_genes/hystiocystic_sarcoma/analysis/nextflow/work --build_references TRUE --genome CanFam3.1 --starfusion_build TRUE --star_fusion --fusion_inspector --max_memory 80.GB --max_cpus 16 -resume
Jun.-16 10:56:33.994 [main] INFO  nextflow.cli.CmdRun - N E X T F L O W  ~  version 22.10.6
Jun.-16 10:56:34.013 [main] DEBUG nextflow.plugin.PluginsFacade - Setting up plugin manager > mode=prod; embedded=false; plugins-dir=/globalhome/hxo752/HPC/.nextflow/plugins; core-plugins: nf-amazon@1.11.3,nf-azure@0.14.2,nf-codecommit@0.1.2,nf-console@1.0.4,nf-ga4gh@1.0.4,nf-google@1.4.5,nf-tower@1.5.6,nf-wave@0.5.3
Jun.-16 10:56:34.026 [main] INFO  org.pf4j.DefaultPluginStatusProvider - Enabled plugins: []
Jun.-16 10:56:34.027 [main] INFO  org.pf4j.DefaultPluginStatusProvider - Disabled plugins: []
Jun.-16 10:56:34.030 [main] INFO  org.pf4j.DefaultPluginManager - PF4J version 3.4.1 in 'deployment' mode
Jun.-16 10:56:34.040 [main] INFO  org.pf4j.AbstractPluginManager - No plugins
Jun.-16 10:56:34.054 [main] DEBUG nextflow.scm.ProviderConfig - Using SCM config path: /globalhome/hxo752/HPC/.nextflow/scm
Jun.-16 10:56:34.894 [main] DEBUG nextflow.scm.AssetManager - Git config: /globalhome/hxo752/HPC/.nextflow/assets/nf-core/rnafusion/.git/config; branch: master; remote: origin; url: https://github.com/nf-core/rnafusion.git
Jun.-16 10:56:34.913 [main] DEBUG nextflow.scm.RepositoryFactory - Found Git repository result: [RepositoryFactory]
Jun.-16 10:56:34.920 [main] DEBUG nextflow.scm.AssetManager - Git config: /globalhome/hxo752/HPC/.nextflow/assets/nf-core/rnafusion/.git/config; branch: master; remote: origin; url: https://github.com/nf-core/rnafusion.git
Jun.-16 10:56:35.604 [main] DEBUG nextflow.config.ConfigBuilder - Found config base: /globalhome/hxo752/HPC/.nextflow/assets/nf-core/rnafusion/nextflow.config
Jun.-16 10:56:35.605 [main] DEBUG nextflow.config.ConfigBuilder - Parsing config file: /globalhome/hxo752/HPC/.nextflow/assets/nf-core/rnafusion/nextflow.config
Jun.-16 10:56:35.613 [main] DEBUG nextflow.config.ConfigBuilder - Applying config profile: `singularity`
Jun.-16 10:56:36.464 [main] DEBUG nextflow.config.ConfigBuilder - Available config profiles: [cfc_dev, ifb_core, denbi_qbic, alice, mjolnir_globe, uppmax, uge, rosalind_uge, lugh, unibe_ibu, vai, czbiohub_aws, jax, ccga_med, scw, tigem, tubingen_apg, google, ipop_up, googlels, eddie, medair, bi, bigpurple, sbc_sharc, adcra, cedars, vsc_kul_uhasselt, pawsey_nimbus, ucl_myriad, utd_ganymede, charliecloud, icr_davros, ceres, munin, arm, rosalind, hasta, cfc, uzh, ebc, ku_sund_dangpu, ccga_dx, crick, marvin, biohpc_gen, shifter, mana, mamba, wehi, awsbatch, imperial, maestro, genotoul, abims, janelia, nihbiowulf, nu_genomics, googlebatch, oist, sahmri, mpcdf, leicester, vsc_ugent, sage, cambridge, podman, cheaha, xanadu, test, computerome, seg_globe, sanger, dkfz, pasteur, test_full, azurebatch, hki, crukmi, docker, engaging, gis, psmn, eva, fgcz, conda, crg, singularity, prince, utd_sysbio, debug, genouest, cbe, phoenix, gitpod, seawulf, uct_hpc, aws_tower, binac]
Jun.-16 10:56:36.499 [main] DEBUG nextflow.cli.CmdRun - Applied DSL=2 from script declararion
Jun.-16 10:56:36.500 [main] INFO  nextflow.cli.CmdRun - Launching `https://github.com/nf-core/rnafusion` [romantic_kirch] DSL2 - revision: fb5af65466 [master]
Jun.-16 10:56:36.500 [main] DEBUG nextflow.plugin.PluginsFacade - Plugins default=[]
Jun.-16 10:56:36.500 [main] DEBUG nextflow.plugin.PluginsFacade - Plugins resolved requirement=[]
Jun.-16 10:56:36.503 [main] DEBUG nextflow.secret.LocalSecretsProvider - Secrets store: /globalhome/hxo752/HPC/.nextflow/secrets/store.json
Jun.-16 10:56:36.506 [main] DEBUG nextflow.secret.SecretsLoader - Discovered secrets providers: [nextflow.secret.LocalSecretsProvider@1884e671] - activable => nextflow.secret.LocalSecretsProvider@1884e671
Jun.-16 10:56:36.560 [main] DEBUG nextflow.Session - Session UUID: b115e5e2-f710-4518-8044-e25f1dfbb72b
Jun.-16 10:56:36.560 [main] DEBUG nextflow.Session - Run name: romantic_kirch
Jun.-16 10:56:36.560 [main] DEBUG nextflow.Session - Executor pool size: 16
Jun.-16 10:56:36.570 [main] DEBUG nextflow.util.ThreadPoolBuilder - Creating thread pool 'FileTransfer' minSize=10; maxSize=48; workQueue=LinkedBlockingQueue[10000]; allowCoreThreadTimeout=false
Jun.-16 10:56:36.590 [main] DEBUG nextflow.cli.CmdRun - 
  Version: 22.10.6 build 5844
  Created: 23-01-2023 23:25 UTC (17:25 CDT)
  System: Linux 3.10.0-1160.36.2.el7.x86_64
  Runtime: Groovy 3.0.13 on OpenJDK 64-Bit Server VM 11.0.16+8
  Encoding: UTF-8 (UTF-8)
  Process: 121417@plato418 [192.168.0.168]
  CPUs: 16 - Mem: 80 GB (79.2 GB) - Swap: 0 (0)
Jun.-16 10:56:36.660 [main] DEBUG nextflow.Session - Work-dir: /globalhome/hxo752/HPC/ngsf_git_repos/NGSF-core-projects/23-1ARMA/fusion_genes/hystiocystic_sarcoma/analysis/nextflow/work [nfs]
Jun.-16 10:56:36.693 [main] DEBUG nextflow.executor.ExecutorFactory - Extension executors providers=[GoogleLifeSciencesExecutor, AwsBatchExecutor, GoogleBatchExecutor]
Jun.-16 10:56:36.703 [main] DEBUG nextflow.Session - Observer factory: DefaultObserverFactory
Jun.-16 10:56:36.734 [main] DEBUG nextflow.Session - Observer factory: TowerFactory
Jun.-16 10:56:36.785 [main] DEBUG nextflow.cache.CacheFactory - Using Nextflow cache factory: nextflow.cache.DefaultCacheFactory
Jun.-16 10:56:36.796 [main] DEBUG nextflow.util.CustomThreadPool - Creating default thread pool > poolSize: 17; maxThreads: 1000
Jun.-16 10:56:36.959 [main] DEBUG nextflow.Session - Session start
Jun.-16 10:56:36.964 [main] DEBUG nextflow.trace.TraceFileObserver - Workflow started -- trace file: /globalhome/hxo752/HPC/ngsf_git_repos/NGSF-core-projects/23-1ARMA/fusion_genes/hystiocystic_sarcoma/analysis/nextflow/pipeline_info/execution_trace_2023-06-16_10-56-36.txt
Jun.-16 10:56:36.976 [main] DEBUG nextflow.Session - Using default localLib path: /globalhome/hxo752/HPC/.nextflow/assets/nf-core/rnafusion/lib
Jun.-16 10:56:36.981 [main] DEBUG nextflow.Session - Adding to the classpath library: /globalhome/hxo752/HPC/.nextflow/assets/nf-core/rnafusion/lib
Jun.-16 10:56:36.982 [main] DEBUG nextflow.Session - Adding to the classpath library: /globalhome/hxo752/HPC/.nextflow/assets/nf-core/rnafusion/lib/nfcore_external_java_deps.jar
Jun.-16 10:56:37.795 [main] DEBUG nextflow.script.ScriptRunner - > Launching execution
Jun.-16 10:56:37.848 [main] INFO  nextflow.Nextflow - 

-[2m----------------------------------------------------[0m-
                                        [0;32m,--.[0;30m/[0;32m,-.[0m
[0;34m        ___     __   __   __   ___     [0;32m/,-._.--~'[0m
[0;34m  |\ | |__  __ /  ` /  \ |__) |__         [0;33m}  {[0m
[0;34m  | \| |       \__, \__/ |  \ |___     [0;32m\`-._,-`-,[0m
                                        [0;32m`._,._,'[0m
[0;35m  nf-core/rnafusion v2.3.4-gfb5af65[0m
-[2m----------------------------------------------------[0m-
[1mCore Nextflow options[0m
  [0;34mrevision                          : [0;32mmaster[0m
  [0;34mrunName                           : [0;32mromantic_kirch[0m
  [0;34mcontainerEngine                   : [0;32msingularity[0m
  [0;34mlaunchDir                         : [0;32m/globalhome/hxo752/HPC/ngsf_git_repos/NGSF-core-projects/23-1ARMA/fusion_genes[0m
  [0;34mworkDir                           : [0;32m/globalhome/hxo752/HPC/ngsf_git_repos/NGSF-core-projects/23-1ARMA/fusion_genes/hystiocystic_sarcoma/analysis/nextflow/work[0m
  [0;34mprojectDir                        : [0;32m/globalhome/hxo752/HPC/.nextflow/assets/nf-core/rnafusion[0m
  [0;34muserName                          : [0;32mhxo752[0m
  [0;34mprofile                           : [0;32msingularity[0m
  [0;34mconfigFiles                       : [0;32m/globalhome/hxo752/HPC/.nextflow/assets/nf-core/rnafusion/nextflow.config[0m

[1mInput/output options[0m
  [0;34minput                             : [0;32m/globalhome/hxo752/HPC/ngsf_git_repos/NGSF-core-projects/23-1ARMA/fusion_genes/hystiocystic_sarcoma/samplesheet.csv[0m
  [0;34moutdir                            : [0;32m/globalhome/hxo752/HPC/ngsf_git_repos/NGSF-core-projects/23-1ARMA/fusion_genes/hystiocystic_sarcoma/analysis/nextflow[0m
  [0;34mbuild_references                  : [0;32mtrue[0m
  [0;34mgenomes_base                      : [0;32m/globalhome/hxo752/HPC/ngsf_git_repos/NGSF-core-projects/23-1ARMA/fusion_genes/hystiocystic_sarcoma/analysis/nextflow/references[0m
  [0;34mensembl_version                   : [0;32m102[0m
  [0;34mstarfusion_build                  : [0;32mtrue[0m
  [0;34marriba_ref                        : [0;32m/globalhome/hxo752/HPC/ngsf_git_repos/NGSF-core-projects/23-1ARMA/fusion_genes/hystiocystic_sarcoma/analysis/nextflow/references/arriba[0m
  [0;34marriba_ref_blacklist              : [0;32m/globalhome/hxo752/HPC/ngsf_git_repos/NGSF-core-projects/23-1ARMA/fusion_genes/hystiocystic_sarcoma/analysis/nextflow/references/arriba/blacklist_hg38_GRCh38_v2.3.0.tsv.gz[0m
  [0;34marriba_ref_cytobands              : [0;32m/globalhome/hxo752/HPC/ngsf_git_repos/NGSF-core-projects/23-1ARMA/fusion_genes/hystiocystic_sarcoma/analysis/nextflow/references/arriba/cytobands_hg38_GRCh38_v2.3.0.tsv[0m
  [0;34marriba_ref_known_fusions          : [0;32m/globalhome/hxo752/HPC/ngsf_git_repos/NGSF-core-projects/23-1ARMA/fusion_genes/hystiocystic_sarcoma/analysis/nextflow/references/arriba/known_fusions_hg38_GRCh38_v2.3.0.tsv.gz[0m
  [0;34marriba_ref_protein_domain         : [0;32m/globalhome/hxo752/HPC/ngsf_git_repos/NGSF-core-projects/23-1ARMA/fusion_genes/hystiocystic_sarcoma/analysis/nextflow/references/arriba/protein_domains_hg38_GRCh38_v2.3.0.gff3[0m
  [0;34mensembl_ref                       : [0;32m/globalhome/hxo752/HPC/ngsf_git_repos/NGSF-core-projects/23-1ARMA/fusion_genes/hystiocystic_sarcoma/analysis/nextflow/references/ensembl[0m
  [0;34mfusioncatcher_limitSjdbInsertNsj  : [0;32m2000000[0m
  [0;34mfusioncatcher_ref                 : [0;32m/globalhome/hxo752/HPC/ngsf_git_repos/NGSF-core-projects/23-1ARMA/fusion_genes/hystiocystic_sarcoma/analysis/nextflow/references/fusioncatcher/human_v102[0m
  [0;34mfusioninspector_limitSjdbInsertNsj: [0;32m1000000[0m
  [0;34mfusionreport_ref                  : [0;32m/globalhome/hxo752/HPC/ngsf_git_repos/NGSF-core-projects/23-1ARMA/fusion_genes/hystiocystic_sarcoma/analysis/nextflow/references/fusion_report_db[0m
  [0;34mpizzly_ref                        : [0;32m/globalhome/hxo752/HPC/ngsf_git_repos/NGSF-core-projects/23-1ARMA/fusion_genes/hystiocystic_sarcoma/analysis/nextflow/references/pizzly/kallisto[0m
  [0;34msquid_ref                         : [0;32m/globalhome/hxo752/HPC/ngsf_git_repos/NGSF-core-projects/23-1ARMA/fusion_genes/hystiocystic_sarcoma/analysis/nextflow/references/squid[0m
  [0;34mstarfusion_ref                    : [0;32m/globalhome/hxo752/HPC/ngsf_git_repos/NGSF-core-projects/23-1ARMA/fusion_genes/hystiocystic_sarcoma/analysis/nextflow/references/starfusion/ctat_genome_lib_build_dir[0m
  [0;34mstarindex_ref                     : [0;32m/globalhome/hxo752/HPC/ngsf_git_repos/NGSF-core-projects/23-1ARMA/fusion_genes/hystiocystic_sarcoma/analysis/nextflow/references/star[0m

[1mRead trimming options[0m
  [0;34madapter_fasta                     : [0;32m[][0m

[1mAlignment compression options[0m
  [0;34mcram                              : [0;32m[][0m

[1mReference genome options[0m
  [0;34mgenome                            : [0;32mCanFam3.1[0m
  [0;34mfasta                             : [0;32m/datastore/NGSF001/analysis/references/dog/CFAM1.0/Canis_lupus_familiaris.ROS_Cfam_1.0.dna.toplevel.fa[0m
  [0;34mfai                               : [0;32m/datastore/NGSF001/analysis/references/dog/CFAM1.0/Canis_lupus_familiaris.ROS_Cfam_1.0.dna.toplevel.fa.fai[0m
  [0;34mgtf                               : [0;32m/datastore/NGSF001/analysis/references/dog/CFAM1.0/Canis_lupus_familiaris.ROS_Cfam_1.0.109.gtf[0m
  [0;34mchrgtf                            : [0;32m/datastore/NGSF001/analysis/references/dog/CFAM1.0/Canis_lupus_familiaris.ROS_Cfam_1.0.109.chr.gtf[0m
  [0;34mtranscript                        : [0;32m/datastore/NGSF001/analysis/references/dog/CFAM1.0/Canis_lupus_familiaris.ROS_Cfam_1.0.cdna.all.fa[0m
  [0;34mrefflat                           : [0;32m/datastore/NGSF001/analysis/references/dog/CFAM1.0/Canis_lupus_familiaris.ROS_Cfam_1.0.109.chr.gtf.refflat[0m
  [0;34mrrna_intervals                    : [0;32m/datastore/NGSF001/analysis/references/dog/CFAM1.0/Canis_lupus_familiaris.ROS_Cfam_1.0.interval_list[0m

[1mMax job request options[0m
  [0;34mmax_memory                        : [0;32m80.GB[0m

!! Only displaying parameters that differ from the pipeline defaults !!
-[2m----------------------------------------------------[0m-
If you use nf-core/rnafusion for your analysis please cite:

* The pipeline
  https://doi.org/10.5281/zenodo.151721952

* The nf-core framework
  https://doi.org/10.1038/s41587-020-0439-x

* Software dependencies
  https://github.com/nf-core/rnafusion/blob/master/CITATIONS.md
-[2m----------------------------------------------------[0m-
Jun.-16 10:56:37.993 [main] WARN  nextflow.Nextflow - Found unexpected parameters:
* --fusion_inspector: true
* --star_fusion: true
Jun.-16 10:56:37.993 [main] INFO  nextflow.Nextflow - - [2mIgnore this warning: params.schema_ignore_params = "fusion_inspector,star_fusion" [0m
Jun.-16 10:56:42.743 [main] DEBUG nextflow.script.ProcessConfig - Config settings `withLabel:process_low` matches labels `process_low` for process with name NFCORE_RNAFUSION:BUILD_REFERENCES:ENSEMBL_DOWNLOAD
Jun.-16 10:56:42.745 [main] DEBUG nextflow.script.ProcessConfig - Config settings `withName:ENSEMBL_DOWNLOAD` matches process NFCORE_RNAFUSION:BUILD_REFERENCES:ENSEMBL_DOWNLOAD
Jun.-16 10:56:42.750 [main] DEBUG nextflow.executor.ExecutorFactory - << taskConfig executor: null
Jun.-16 10:56:42.750 [main] DEBUG nextflow.executor.ExecutorFactory - >> processorType: 'local'
Jun.-16 10:56:42.754 [main] DEBUG nextflow.executor.Executor - [warm up] executor > local
Jun.-16 10:56:42.758 [main] DEBUG n.processor.LocalPollingMonitor - Creating local task monitor for executor 'local' > cpus=16; memory=80 GB; capacity=16; pollInterval=100ms; dumpInterval=5m
Jun.-16 10:56:42.850 [main] DEBUG nextflow.script.ProcessConfig - Config settings `withLabel:process_single` matches labels `process_single` for process with name NFCORE_RNAFUSION:BUILD_REFERENCES:SAMTOOLS_FAIDX
Jun.-16 10:56:42.850 [main] DEBUG nextflow.script.ProcessConfig - Config settings `withName:SAMTOOLS_FAIDX` matches process NFCORE_RNAFUSION:BUILD_REFERENCES:SAMTOOLS_FAIDX
Jun.-16 10:56:42.852 [main] DEBUG nextflow.executor.ExecutorFactory - << taskConfig executor: null
Jun.-16 10:56:42.852 [main] DEBUG nextflow.executor.ExecutorFactory - >> processorType: 'local'
Jun.-16 10:56:42.858 [main] DEBUG nextflow.script.ProcessConfig - Config settings `withLabel:process_medium` matches labels `process_medium` for process with name NFCORE_RNAFUSION:BUILD_REFERENCES:GATK4_CREATESEQUENCEDICTIONARY
Jun.-16 10:56:42.859 [main] DEBUG nextflow.executor.ExecutorFactory - << taskConfig executor: null
Jun.-16 10:56:42.859 [main] DEBUG nextflow.executor.ExecutorFactory - >> processorType: 'local'
Jun.-16 10:56:42.866 [main] DEBUG nextflow.script.ProcessConfig - Config settings `withLabel:process_single` matches labels `process_single` for process with name NFCORE_RNAFUSION:BUILD_REFERENCES:RRNA_TRANSCRIPTS
Jun.-16 10:56:42.867 [main] DEBUG nextflow.executor.ExecutorFactory - << taskConfig executor: null
Jun.-16 10:56:42.867 [main] DEBUG nextflow.executor.ExecutorFactory - >> processorType: 'local'
Jun.-16 10:56:42.871 [main] DEBUG nextflow.script.ProcessConfig - Config settings `withLabel:process_single` matches labels `process_single` for process with name NFCORE_RNAFUSION:BUILD_REFERENCES:CONVERT2BED
Jun.-16 10:56:42.872 [main] DEBUG nextflow.executor.ExecutorFactory - << taskConfig executor: null
Jun.-16 10:56:42.872 [main] DEBUG nextflow.executor.ExecutorFactory - >> processorType: 'local'
Jun.-16 10:56:42.876 [main] DEBUG nextflow.script.ProcessConfig - Config settings `withLabel:process_medium` matches labels `process_medium` for process with name NFCORE_RNAFUSION:BUILD_REFERENCES:GATK4_BEDTOINTERVALLIST
Jun.-16 10:56:42.876 [main] DEBUG nextflow.script.ProcessConfig - Config settings `withName:GATK4_BEDTOINTERVALLIST` matches process NFCORE_RNAFUSION:BUILD_REFERENCES:GATK4_BEDTOINTERVALLIST
Jun.-16 10:56:42.877 [main] DEBUG nextflow.executor.ExecutorFactory - << taskConfig executor: null
Jun.-16 10:56:42.877 [main] DEBUG nextflow.executor.ExecutorFactory - >> processorType: 'local'
Jun.-16 10:56:42.880 [main] DEBUG nextflow.script.ProcessConfig - Config settings `withLabel:process_low` matches labels `process_low` for process with name NFCORE_RNAFUSION:BUILD_REFERENCES:GTF_TO_REFFLAT
Jun.-16 10:56:42.880 [main] DEBUG nextflow.script.ProcessConfig - Config settings `withName:GTF_TO_REFFLAT` matches process NFCORE_RNAFUSION:BUILD_REFERENCES:GTF_TO_REFFLAT
Jun.-16 10:56:42.881 [main] DEBUG nextflow.executor.ExecutorFactory - << taskConfig executor: null
Jun.-16 10:56:42.881 [main] DEBUG nextflow.executor.ExecutorFactory - >> processorType: 'local'
Jun.-16 10:56:42.883 [main] DEBUG nextflow.Session - Workflow process names [dsl2]: SAMTOOLS_VIEW_FOR_STARFUSION, SAMTOOLS_SORT_FOR_ARRIBA, GATK4_BEDTOINTERVALLIST, STAR_FOR_SQUID, STAR_FOR_ARRIBA, STARFUSION_DOWNLOAD, FUSIONCATCHER, FUSIONCATCHER_DOWNLOAD, STAR_FOR_STARFUSION, GATK4_CREATESEQUENCEDICTIONARY, FASTP, PICARD_MARKDUPLICATES, FASTQC_FOR_FASTP, ENSEMBL_DOWNLOAD, CAT_FASTQ, GTF_TO_REFFLAT, STARFUSION, NFCORE_RNAFUSION:BUILD_REFERENCES:GATK4_BEDTOINTERVALLIST, SQUID, NFCORE_RNAFUSION:BUILD_REFERENCES:GATK4_CREATESEQUENCEDICTIONARY, NFCORE_RNAFUSION:BUILD_REFERENCES:CONVERT2BED, QUALIMAP_RNASEQ, SAMTOOLS_INDEX_FOR_ARRIBA, ARRIBA_VISUALISATION, CONVERT2BED, FUSIONREPORT_DOWNLOAD, STAR_ALIGN, SAMTOOLS_INDEX_FOR_STARFUSION, SQUID_ANNOTATE, FUSIONINSPECTOR, PIZZLY_INDEX, SAMTOOLS_INDEX, FASTQC, ARRIBA_DOWNLOAD, SAMTOOLS_VIEW_FOR_SQUID_CRAM, NFCORE_RNAFUSION:BUILD_REFERENCES:ENSEMBL_DOWNLOAD, SAMTOOLS_INDEX_FOR_SQUID, MULTIQC, REFORMAT, MEGAFUSION, SAMTOOLS_SORT, STRINGTIE_MERGE, SAMTOOLS_VIEW_FOR_SQUID_CHIMERIC, SAMTOOLS_VIEW_FOR_ARRIBA, NFCORE_RNAFUSION:BUILD_REFERENCES:GTF_TO_REFFLAT, SAMTOOLS_INDEX_FOR_SQUID_CHIMERIC, NFCORE_RNAFUSION:BUILD_REFERENCES:SAMTOOLS_FAIDX, FASTQC_FOR_TRIM, STARFUSION_BUILD, CAT_CAT, PICARD_COLLECTRNASEQMETRICS, KALLISTO_INDEX, SAMTOOLS_VIEW, SAMTOOLS_FAIDX, FUSIONREPORT, SAMPLESHEET_CHECK, RRNA_TRANSCRIPTS, SAMTOOLS_INDEX_FOR_QC, STRINGTIE_STRINGTIE, SAMTOOLS_VIEW_FOR_SQUID_CRAM_CHIMERIC, ARRIBA, NFCORE_RNAFUSION:BUILD_REFERENCES:RRNA_TRANSCRIPTS, SAMTOOLS_SORT_FOR_SQUID_CHIMERIC, PIZZLY, KALLISTO_QUANT, CUSTOM_DUMPSOFTWAREVERSIONS, STAR_GENOMEGENERATE
Jun.-16 10:56:42.888 [main] DEBUG nextflow.Session - Igniting dataflow network (10)
Jun.-16 10:56:42.893 [main] DEBUG nextflow.processor.TaskProcessor - Starting process > NFCORE_RNAFUSION:BUILD_REFERENCES:ENSEMBL_DOWNLOAD
Jun.-16 10:56:42.894 [main] DEBUG nextflow.processor.TaskProcessor - Starting process > NFCORE_RNAFUSION:BUILD_REFERENCES:SAMTOOLS_FAIDX
Jun.-16 10:56:42.894 [main] DEBUG nextflow.processor.TaskProcessor - Starting process > NFCORE_RNAFUSION:BUILD_REFERENCES:GATK4_CREATESEQUENCEDICTIONARY
Jun.-16 10:56:42.895 [main] DEBUG nextflow.processor.TaskProcessor - Starting process > NFCORE_RNAFUSION:BUILD_REFERENCES:RRNA_TRANSCRIPTS
Jun.-16 10:56:42.895 [main] DEBUG nextflow.processor.TaskProcessor - Starting process > NFCORE_RNAFUSION:BUILD_REFERENCES:CONVERT2BED
Jun.-16 10:56:42.895 [main] DEBUG nextflow.processor.TaskProcessor - Starting process > NFCORE_RNAFUSION:BUILD_REFERENCES:GATK4_BEDTOINTERVALLIST
Jun.-16 10:56:42.896 [main] DEBUG nextflow.processor.TaskProcessor - Starting process > NFCORE_RNAFUSION:BUILD_REFERENCES:GTF_TO_REFFLAT
Jun.-16 10:56:42.896 [main] DEBUG nextflow.script.ScriptRunner - > Awaiting termination 
Jun.-16 10:56:42.896 [main] DEBUG nextflow.Session - Session await
Jun.-16 10:56:42.953 [Actor Thread 14] DEBUG nextflow.container.SingularityCache - Singularity found local store for image=https://depot.galaxyproject.org/singularity/gnu-wget:1.18--h5bf99c6_5; path=/globalhome/hxo752/HPC/ngsf_git_repos/NGSF-core-projects/23-1ARMA/fusion_genes/hystiocystic_sarcoma/analysis/nextflow/work/singularity/depot.galaxyproject.org-singularity-gnu-wget-1.18--h5bf99c6_5.img
Jun.-16 10:56:43.142 [Task submitter] DEBUG n.executor.local.LocalTaskHandler - Launch cmd line: /bin/bash -ue .command.run
Jun.-16 10:56:43.144 [Task submitter] INFO  nextflow.Session - [7f/b021db] Submitted process > NFCORE_RNAFUSION:BUILD_REFERENCES:ENSEMBL_DOWNLOAD (ensembl)
Jun.-16 10:57:16.187 [Task monitor] DEBUG n.processor.TaskPollingMonitor - Task completed > TaskHandler[id: 1; name: NFCORE_RNAFUSION:BUILD_REFERENCES:ENSEMBL_DOWNLOAD (ensembl); status: COMPLETED; exit: 8; error: -; workDir: /globalhome/hxo752/HPC/ngsf_git_repos/NGSF-core-projects/23-1ARMA/fusion_genes/hystiocystic_sarcoma/analysis/nextflow/work/7f/b021db29c326f1413618bf6f7fff4e]
Jun.-16 10:57:16.199 [Task monitor] ERROR nextflow.processor.TaskProcessor - Error executing process > 'NFCORE_RNAFUSION:BUILD_REFERENCES:ENSEMBL_DOWNLOAD (ensembl)'

Caused by:
  Process `NFCORE_RNAFUSION:BUILD_REFERENCES:ENSEMBL_DOWNLOAD (ensembl)` terminated with an error exit status (8)

Command executed:

  wget ftp://ftp.ensembl.org/pub/release-102/fasta/homo_sapiens/dna/Homo_sapiens.CanFam3.1.dna.chromosome.{1..22}.fa.gz
  wget ftp://ftp.ensembl.org/pub/release-102/fasta/homo_sapiens/dna/Homo_sapiens.CanFam3.1.dna.chromosome.{MT,X,Y}.fa.gz
  
  wget ftp://ftp.ensembl.org/pub/release-102/gtf/homo_sapiens/Homo_sapiens.CanFam3.1.102.gtf.gz
  wget ftp://ftp.ensembl.org/pub/release-102/gtf/homo_sapiens/Homo_sapiens.CanFam3.1.102.chr.gtf.gz
  wget ftp://ftp.ensembl.org/pub/release-102/fasta/homo_sapiens/cdna/Homo_sapiens.CanFam3.1.cdna.all.fa.gz -O Homo_sapiens.CanFam3.1.102.cdna.all.fa.gz
  
  gunzip -c Homo_sapiens.CanFam3.1.dna.chromosome.* > Homo_sapiens.CanFam3.1.102.all.fa
  gunzip Homo_sapiens.CanFam3.1.102.gtf.gz
  gunzip Homo_sapiens.CanFam3.1.102.chr.gtf.gz
  
  
  
  cat <<-END_VERSIONS > versions.yml
  "NFCORE_RNAFUSION:BUILD_REFERENCES:ENSEMBL_DOWNLOAD":
      wget: $(echo wget -V 2>&1 | grep "GNU Wget" | cut -d" " -f3 > versions.yml)
  END_VERSIONS

Command exit status:
  8

Command output:
  (empty)

Command error:
  ==> TYPE I ... done.  ==> CWD (1) /pub/release-102/fasta/homo_sapiens/dna ... done.
  ==> SIZE Homo_sapiens.CanFam3.1.dna.chromosome.18.fa.gz ... done.
  
  ==> PASV ... done.    ==> RETR Homo_sapiens.CanFam3.1.dna.chromosome.18.fa.gz ... 
  No such file ‘Homo_sapiens.CanFam3.1.dna.chromosome.18.fa.gz’.
  
  --2023-06-16 10:57:10--  ftp://ftp.ensembl.org/pub/release-102/fasta/homo_sapiens/dna/Homo_sapiens.CanFam3.1.dna.chromosome.19.fa.gz
             => ‘Homo_sapiens.CanFam3.1.dna.chromosome.19.fa.gz’
  Connecting to ftp.ensembl.org|193.62.193.139|:21... connected.
  Logging in as anonymous ... Logged in!
  ==> SYST ... done.    ==> PWD ... done.
  ==> TYPE I ... done.  ==> CWD (1) /pub/release-102/fasta/homo_sapiens/dna ... done.
  ==> SIZE Homo_sapiens.CanFam3.1.dna.chromosome.19.fa.gz ... done.
  
  ==> PASV ... done.    ==> RETR Homo_sapiens.CanFam3.1.dna.chromosome.19.fa.gz ... 
  No such file ‘Homo_sapiens.CanFam3.1.dna.chromosome.19.fa.gz’.
  
  --2023-06-16 10:57:11--  ftp://ftp.ensembl.org/pub/release-102/fasta/homo_sapiens/dna/Homo_sapiens.CanFam3.1.dna.chromosome.20.fa.gz
             => ‘Homo_sapiens.CanFam3.1.dna.chromosome.20.fa.gz’
  Connecting to ftp.ensembl.org|193.62.193.139|:21... connected.
  Logging in as anonymous ... Logged in!
  ==> SYST ... done.    ==> PWD ... done.
  ==> TYPE I ... done.  ==> CWD (1) /pub/release-102/fasta/homo_sapiens/dna ... done.
  ==> SIZE Homo_sapiens.CanFam3.1.dna.chromosome.20.fa.gz ... done.
  
  ==> PASV ... done.    ==> RETR Homo_sapiens.CanFam3.1.dna.chromosome.20.fa.gz ... 
  No such file ‘Homo_sapiens.CanFam3.1.dna.chromosome.20.fa.gz’.
  
  --2023-06-16 10:57:13--  ftp://ftp.ensembl.org/pub/release-102/fasta/homo_sapiens/dna/Homo_sapiens.CanFam3.1.dna.chromosome.21.fa.gz
             => ‘Homo_sapiens.CanFam3.1.dna.chromosome.21.fa.gz’
  Connecting to ftp.ensembl.org|193.62.193.139|:21... connected.
  Logging in as anonymous ... Logged in!
  ==> SYST ... done.    ==> PWD ... done.
  ==> TYPE I ... done.  ==> CWD (1) /pub/release-102/fasta/homo_sapiens/dna ... done.
  ==> SIZE Homo_sapiens.CanFam3.1.dna.chromosome.21.fa.gz ... done.
  
  ==> PASV ... done.    ==> RETR Homo_sapiens.CanFam3.1.dna.chromosome.21.fa.gz ... 
  No such file ‘Homo_sapiens.CanFam3.1.dna.chromosome.21.fa.gz’.
  
  --2023-06-16 10:57:14--  ftp://ftp.ensembl.org/pub/release-102/fasta/homo_sapiens/dna/Homo_sapiens.CanFam3.1.dna.chromosome.22.fa.gz
             => ‘Homo_sapiens.CanFam3.1.dna.chromosome.22.fa.gz’
  Connecting to ftp.ensembl.org|193.62.193.139|:21... connected.
  Logging in as anonymous ... Logged in!
  ==> SYST ... done.    ==> PWD ... done.
  ==> TYPE I ... done.  ==> CWD (1) /pub/release-102/fasta/homo_sapiens/dna ... done.
  ==> SIZE Homo_sapiens.CanFam3.1.dna.chromosome.22.fa.gz ... done.
  
  ==> PASV ... done.    ==> RETR Homo_sapiens.CanFam3.1.dna.chromosome.22.fa.gz ... 
  No such file ‘Homo_sapiens.CanFam3.1.dna.chromosome.22.fa.gz’.

Work dir:
  /globalhome/hxo752/HPC/ngsf_git_repos/NGSF-core-projects/23-1ARMA/fusion_genes/hystiocystic_sarcoma/analysis/nextflow/work/7f/b021db29c326f1413618bf6f7fff4e

Tip: view the complete command output by changing to the process work dir and entering the command `cat .command.out`
Jun.-16 10:57:16.208 [main] DEBUG nextflow.Session - Session await > all processes finished
Jun.-16 10:57:16.217 [Task monitor] INFO  nextflow.Session - Execution cancelled -- Finishing pending tasks before exit
Jun.-16 10:57:16.223 [main] DEBUG nextflow.Session - Session await > all barriers passed
Jun.-16 10:57:16.224 [main] INFO  nextflow.Nextflow - -[0;35m[nf-core/rnafusion][0;31m Pipeline completed with errors[0m-
Jun.-16 10:57:16.224 [main] INFO  nextflow.Nextflow - -[0;35m[nf-core/rnafusion][0;31m Pipeline completed with errors[0m-
Jun.-16 10:57:16.228 [main] DEBUG nextflow.trace.WorkflowStatsObserver - Workflow completed > WorkflowStats[succeededCount=0; failedCount=1; ignoredCount=0; cachedCount=0; pendingCount=0; submittedCount=0; runningCount=0; retriesCount=0; abortedCount=0; succeedDuration=0ms; failedDuration=1m 6s; cachedDuration=0ms;loadCpus=0; loadMemory=0; peakRunning=1; peakCpus=2; peakMemory=12 GB; ]
Jun.-16 10:57:16.228 [main] DEBUG nextflow.trace.TraceFileObserver - Workflow completed -- saving trace file
Jun.-16 10:57:16.230 [main] DEBUG nextflow.trace.ReportObserver - Workflow completed -- rendering execution report
Jun.-16 10:57:16.246 [main] DEBUG nextflow.trace.ReportObserver - Execution report summary data:
  [{"cpuUsage":null,"process":"ENSEMBL_DOWNLOAD","mem":null,"memUsage":null,"timeUsage":{"mean":0.23,"min":0.23,"q1":0.23,"q2":0.23,"q3":0.23,"max":0.23,"minLabel":"NFCORE_RNAFUSION:BUILD_REFERENCES:ENSEMBL_DOWNLOAD (ensembl)","maxLabel":"NFCORE_RNAFUSION:BUILD_REFERENCES:ENSEMBL_DOWNLOAD (ensembl)","q1Label":"NFCORE_RNAFUSION:BUILD_REFERENCES:ENSEMBL_DOWNLOAD (ensembl)","q2Label":"NFCORE_RNAFUSION:BUILD_REFERENCES:ENSEMBL_DOWNLOAD (ensembl)","q3Label":"NFCORE_RNAFUSION:BUILD_REFERENCES:ENSEMBL_DOWNLOAD (ensembl)"},"vmem":null,"reads":null,"cpu":null,"time":{"mean":33018,"min":33018,"q1":33018,"q2":33018,"q3":33018,"max":33018,"minLabel":"NFCORE_RNAFUSION:BUILD_REFERENCES:ENSEMBL_DOWNLOAD (ensembl)","maxLabel":"NFCORE_RNAFUSION:BUILD_REFERENCES:ENSEMBL_DOWNLOAD (ensembl)","q1Label":"NFCORE_RNAFUSION:BUILD_REFERENCES:ENSEMBL_DOWNLOAD (ensembl)","q2Label":"NFCORE_RNAFUSION:BUILD_REFERENCES:ENSEMBL_DOWNLOAD (ensembl)","q3Label":"NFCORE_RNAFUSION:BUILD_REFERENCES:ENSEMBL_DOWNLOAD (ensembl)"},"writes":null}]
Jun.-16 10:57:16.886 [main] DEBUG nextflow.trace.TimelineObserver - Workflow completed -- rendering execution timeline
Jun.-16 10:57:17.173 [main] DEBUG nextflow.cache.CacheDB - Closing CacheDB done
Jun.-16 10:57:17.196 [main] DEBUG nextflow.util.ThreadPoolManager - Thread pool 'FileTransfer' shutdown completed (hard=false)
Jun.-16 10:57:17.197 [main] DEBUG nextflow.script.ScriptRunner - > Execution complete -- Goodbye
